d:\1vsproject\pureplayer\pureplayer\x64\debug\vc141.pdb
d:\1vsproject\pureplayer\pureplayer\x64\debug\vc141.idb
d:\1vsproject\pureplayer\pureplayer\x64\debug\audiodecoder.nativecodeanalysis.xml
d:\1vsproject\pureplayer\pureplayer\x64\debug\audioplayer.nativecodeanalysis.xml
d:\1vsproject\pureplayer\pureplayer\x64\debug\baseplayer.nativecodeanalysis.xml
d:\1vsproject\pureplayer\pureplayer\x64\debug\basedecoder.nativecodeanalysis.xml
d:\1vsproject\pureplayer\pureplayer\x64\debug\button.nativecodeanalysis.xml
d:\1vsproject\pureplayer\pureplayer\x64\debug\framequeue.nativecodeanalysis.xml
d:\1vsproject\pureplayer\pureplayer\x64\debug\log.nativecodeanalysis.xml
d:\1vsproject\pureplayer\pureplayer\x64\debug\main.nativecodeanalysis.xml
d:\1vsproject\pureplayer\pureplayer\x64\debug\managerdecoder.nativecodeanalysis.xml
d:\1vsproject\pureplayer\pureplayer\x64\debug\managerplayer.nativecodeanalysis.xml
d:\1vsproject\pureplayer\pureplayer\x64\debug\managerui.nativecodeanalysis.xml
d:\1vsproject\pureplayer\pureplayer\x64\debug\packetqueue.nativecodeanalysis.xml
d:\1vsproject\pureplayer\pureplayer\x64\debug\progressbar.nativecodeanalysis.xml
d:\1vsproject\pureplayer\pureplayer\x64\debug\stdafx.nativecodeanalysis.xml
d:\1vsproject\pureplayer\pureplayer\x64\debug\texturemanager.nativecodeanalysis.xml
d:\1vsproject\pureplayer\pureplayer\x64\debug\utilityheader.nativecodeanalysis.xml
d:\1vsproject\pureplayer\pureplayer\x64\debug\videodecoder.nativecodeanalysis.xml
d:\1vsproject\pureplayer\pureplayer\x64\debug\videoplayer.nativecodeanalysis.xml
d:\1vsproject\pureplayer\pureplayer\x64\debug\videoplayer.obj
d:\1vsproject\pureplayer\pureplayer\x64\debug\videodecoder.obj
d:\1vsproject\pureplayer\pureplayer\x64\debug\utilityheader.obj
d:\1vsproject\pureplayer\pureplayer\x64\debug\texturemanager.obj
d:\1vsproject\pureplayer\pureplayer\x64\debug\stdafx.obj
d:\1vsproject\pureplayer\pureplayer\x64\debug\progressbar.obj
d:\1vsproject\pureplayer\pureplayer\x64\debug\packetqueue.obj
d:\1vsproject\pureplayer\pureplayer\x64\debug\managerui.obj
d:\1vsproject\pureplayer\pureplayer\x64\debug\managerplayer.obj
d:\1vsproject\pureplayer\pureplayer\x64\debug\managerdecoder.obj
d:\1vsproject\pureplayer\pureplayer\x64\debug\main.obj
d:\1vsproject\pureplayer\pureplayer\x64\debug\log.obj
d:\1vsproject\pureplayer\pureplayer\x64\debug\framequeue.obj
d:\1vsproject\pureplayer\pureplayer\x64\debug\button.obj
d:\1vsproject\pureplayer\pureplayer\x64\debug\basedecoder.obj
d:\1vsproject\pureplayer\pureplayer\x64\debug\baseplayer.obj
d:\1vsproject\pureplayer\pureplayer\x64\debug\audioplayer.obj
d:\1vsproject\pureplayer\pureplayer\x64\debug\audiodecoder.obj
d:\1vsproject\pureplayer\pureplayer\x64\debug\main2.obj
d:\1vsproject\pureplayer\x64\debug\pureplayer.exe
d:\1vsproject\pureplayer\x64\debug\pureplayer.ilk
d:\1vsproject\pureplayer\x64\debug\pureplayer.pdb
d:\1vsproject\pureplayer\pureplayer\x64\debug\main1.obj
d:\1vsproject\pureplayer\pureplayer\x64\debug\nativecodeanalysis.read.1.tlog
d:\1vsproject\pureplayer\pureplayer\x64\debug\vc.nativecodeanalysis.all.xml
d:\1vsproject\pureplayer\x64\debug\pureplayer.exe.lastcodeanalysissucceeded
d:\1vsproject\pureplayer\pureplayer\x64\debug\pureplayer.tlog\cl.command.1.tlog
d:\1vsproject\pureplayer\pureplayer\x64\debug\pureplayer.tlog\cl.read.1.tlog
d:\1vsproject\pureplayer\pureplayer\x64\debug\pureplayer.tlog\cl.write.1.tlog
d:\1vsproject\pureplayer\pureplayer\x64\debug\pureplayer.tlog\link.command.1.tlog
d:\1vsproject\pureplayer\pureplayer\x64\debug\pureplayer.tlog\link.read.1.tlog
d:\1vsproject\pureplayer\pureplayer\x64\debug\pureplayer.tlog\link.write.1.tlog
