  AudioDecoder.cpp
d:\1vsproject\pureplayer\include\libavutil\rational.h : warning C4819: 该文件包含不能在当前代码页(936)中表示的字符。请将该文件保存为 Unicode 格式以防止数据丢失
  AudioPlayer.cpp
d:\1vsproject\pureplayer\include\libavutil\rational.h : warning C4819: 该文件包含不能在当前代码页(936)中表示的字符。请将该文件保存为 Unicode 格式以防止数据丢失
AudioPlayer.cpp(23): warning C4018: “>”: 有符号/无符号不匹配
AudioPlayer.cpp(34): warning C4101: “nextSize”: 未引用的局部变量
AudioPlayer.cpp(121): warning C4244: “初始化”: 从“double”转换到“int64_t”，可能丢失数据
AudioPlayer.cpp(138): warning C4101: “nextSize”: 未引用的局部变量
  BasePlayer.cpp
d:\1vsproject\pureplayer\include\libavutil\rational.h : warning C4819: 该文件包含不能在当前代码页(936)中表示的字符。请将该文件保存为 Unicode 格式以防止数据丢失
  BaseDecoder.cpp
d:\1vsproject\pureplayer\include\libavutil\rational.h : warning C4819: 该文件包含不能在当前代码页(936)中表示的字符。请将该文件保存为 Unicode 格式以防止数据丢失
  Button.cpp
d:\1vsproject\pureplayer\include\libavutil\rational.h : warning C4819: 该文件包含不能在当前代码页(936)中表示的字符。请将该文件保存为 Unicode 格式以防止数据丢失
  FrameQueue.cpp
d:\1vsproject\pureplayer\include\libavutil\rational.h : warning C4819: 该文件包含不能在当前代码页(936)中表示的字符。请将该文件保存为 Unicode 格式以防止数据丢失
FrameQueue.cpp(16): warning C4244: “=”: 从“double”转换到“int64_t”，可能丢失数据
  log.cpp
  main2.cpp
d:\1vsproject\pureplayer\include\libavutil\rational.h : warning C4819: 该文件包含不能在当前代码页(936)中表示的字符。请将该文件保存为 Unicode 格式以防止数据丢失
  ManagerPlayer.cpp
d:\1vsproject\pureplayer\include\libavutil\rational.h : warning C4819: 该文件包含不能在当前代码页(936)中表示的字符。请将该文件保存为 Unicode 格式以防止数据丢失
ManagerPlayer.cpp(187): warning C4018: “<”: 有符号/无符号不匹配
ManagerPlayer.cpp(276): warning C4018: “>=”: 有符号/无符号不匹配
  ManagerUI.cpp
d:\1vsproject\pureplayer\include\libavutil\rational.h : warning C4819: 该文件包含不能在当前代码页(936)中表示的字符。请将该文件保存为 Unicode 格式以防止数据丢失
ManagerUI.cpp(25): warning C4244: “参数”: 从“double”转换到“int”，可能丢失数据
  PacketQueue.cpp
d:\1vsproject\pureplayer\include\libavutil\rational.h : warning C4819: 该文件包含不能在当前代码页(936)中表示的字符。请将该文件保存为 Unicode 格式以防止数据丢失
  stdafx.cpp
  TextureManager.cpp
d:\1vsproject\pureplayer\include\libavutil\rational.h : warning C4819: 该文件包含不能在当前代码页(936)中表示的字符。请将该文件保存为 Unicode 格式以防止数据丢失
  UtilityHeader.cpp
d:\1vsproject\pureplayer\include\libavutil\rational.h : warning C4819: 该文件包含不能在当前代码页(936)中表示的字符。请将该文件保存为 Unicode 格式以防止数据丢失
  VideoDecoder.cpp
d:\1vsproject\pureplayer\include\libavutil\rational.h : warning C4819: 该文件包含不能在当前代码页(936)中表示的字符。请将该文件保存为 Unicode 格式以防止数据丢失
  VideoPlayer.cpp
d:\1vsproject\pureplayer\include\libavutil\rational.h : warning C4819: 该文件包含不能在当前代码页(936)中表示的字符。请将该文件保存为 Unicode 格式以防止数据丢失
VideoPlayer.cpp(38): warning C4244: “初始化”: 从“double”转换到“int64_t”，可能丢失数据
  正在生成代码
  537 of 645 functions (83.3%) were compiled, the rest were copied from previous compilation.
    115 functions were new in current compilation
    24 functions had inline decision re-evaluated but remain unchanged
  已完成代码的生成
  PurePlayer.vcxproj -> D:\1VSProject\PurePlayer\x64\Release\PurePlayer.exe
